SF:lib\main.dart
DA:5,0
DA:6,0
DA:10,2
DA:12,1
DA:14,1
DA:16,1
DA:17,1
DA:26,1
DA:28,1
DA:29,1
DA:43,1
DA:45,1
DA:46,2
DA:49,1
DA:51,2
DA:52,1
DA:55,1
DA:56,1
DA:57,2
DA:58,1
DA:60,2
DA:61,0
DA:62,0
DA:63,0
DA:67,0
DA:68,0
DA:69,0
DA:71,0
DA:76,0
DA:77,0
DA:78,0
DA:79,0
DA:83,0
DA:84,0
DA:85,0
DA:86,0
DA:87,0
DA:88,0
DA:89,0
DA:93,0
DA:95,0
DA:96,0
DA:97,0
DA:99,0
DA:100,0
DA:103,0
DA:104,0
DA:108,1
DA:109,3
DA:110,3
DA:111,1
DA:114,1
DA:115,2
DA:116,3
DA:119,0
DA:120,0
DA:121,0
DA:122,0
DA:126,0
DA:127,0
DA:128,0
DA:129,0
DA:133,1
DA:135,2
DA:136,1
DA:138,1
DA:139,1
DA:142,1
DA:143,1
DA:146,1
DA:150,1
DA:152,0
DA:155,1
DA:158,1
DA:159,1
DA:161,1
DA:163,1
DA:165,1
DA:166,1
DA:168,1
DA:169,1
DA:170,2
DA:171,4
DA:175,1
DA:178,1
DA:180,1
DA:181,1
DA:184,1
DA:185,1
DA:188,1
DA:191,1
DA:193,1
DA:194,1
DA:196,2
DA:197,1
DA:198,2
DA:199,2
DA:200,4
DA:204,1
DA:206,1
DA:209,3
DA:218,1
DA:220,1
DA:221,1
DA:222,1
DA:223,3
DA:224,2
DA:225,2
DA:228,1
DA:229,0
DA:230,0
DA:231,0
DA:232,0
DA:233,0
DA:240,1
DA:241,1
DA:258,0
DA:259,0
DA:261,0
DA:262,0
DA:263,0
DA:264,0
DA:265,0
DA:267,0
DA:270,0
DA:273,0
DA:274,0
DA:276,0
DA:277,0
DA:279,0
DA:281,0
DA:282,0
DA:284,0
DA:285,0
DA:286,0
DA:287,0
DA:288,0
LF:137
LH:74
end_of_record
